<?xml version="1.0" encoding="UTF-8"?>
<robot generator="Robot 6.0.2 (Python 3.10.11 on win32)" generated="20230504 17:14:03.386" rpa="false" schemaversion="3">
<suite id="s1" name="ejercicioFinal" source="C:\Users\seang\Desktop\Universidad\Septimo semestre\Pruebas\ejercicioFinal">
<suite id="s1-s1" name="Pruebas Pagina" source="C:\Users\seang\Desktop\Universidad\Septimo semestre\Pruebas\ejercicioFinal\pruebas_pagina.robot">
<test id="s1-s1-t1" name="G001 Prueba formulario" line="16">
<kw name="Abrir Navegador y Esperar Logo" library="recursos">
<kw name="Open Browser" library="Selenium2Library">
<arg>${URL}</arg>
<arg>chrome</arg>
<doc>Opens a new browser instance to the optional ``url``.</doc>
<msg timestamp="20230504 17:14:07.433" level="INFO">Opening browser 'chrome' to base url 'https://demoqa.com/interaction'.</msg>
<status status="PASS" starttime="20230504 17:14:07.424" endtime="20230504 17:14:18.350"/>
</kw>
<kw name="Wait Until Element Is Visible" library="Selenium2Library">
<arg>xpath=//*[@id="app"]/header/a/img</arg>
<doc>Waits until the element ``locator`` is visible.</doc>
<status status="PASS" starttime="20230504 17:14:18.350" endtime="20230504 17:14:18.510"/>
</kw>
<status status="PASS" starttime="20230504 17:14:07.422" endtime="20230504 17:14:18.515"/>
</kw>
<kw name="Maximize Browser Window" library="Selenium2Library">
<doc>Maximizes current browser window.</doc>
<status status="PASS" starttime="20230504 17:14:18.566" endtime="20230504 17:14:18.899"/>
</kw>
<kw name="Execute Javascript" library="Selenium2Library">
<arg>document.body.style.zoom = "50%";</arg>
<doc>Executes the given JavaScript code with possible arguments.</doc>
<msg timestamp="20230504 17:14:18.915" level="INFO">Executing JavaScript:
document.body.style.zoom = "50%";
Without any arguments.</msg>
<status status="PASS" starttime="20230504 17:14:18.909" endtime="20230504 17:14:18.996"/>
</kw>
<kw name="Click Element" library="Selenium2Library">
<arg>xpath=//*[@id="app"]/div/div/div[2]/div[1]/div/div/div[2]/span/div</arg>
<doc>Click the element identified by ``locator``.</doc>
<msg timestamp="20230504 17:14:19.004" level="INFO">Clicking element 'xpath=//*[@id="app"]/div/div/div[2]/div[1]/div/div/div[2]/span/div'.</msg>
<msg timestamp="20230504 17:14:20.410" level="INFO" html="true">&lt;/td&gt;&lt;/tr&gt;&lt;tr&gt;&lt;td colspan="3"&gt;&lt;a href="selenium-screenshot-1.png"&gt;&lt;img src="selenium-screenshot-1.png" width="800px"&gt;&lt;/a&gt;</msg>
<msg timestamp="20230504 17:14:20.418" level="FAIL">ElementClickInterceptedException: Message: element click intercepted: Element &lt;div class="header-wrapper" style="background: rgb(108, 117, 125);"&gt;...&lt;/div&gt; is not clickable at point (360, 390). Other element would receive the click: &lt;div class="col-12 mt-4 col-md-6"&gt;...&lt;/div&gt;
  (Session info: chrome=112.0.5615.138)
Stacktrace:
Backtrace:
	(No symbol) [0x00DEDCE3]
	(No symbol) [0x00D839D1]
	(No symbol) [0x00C94DA8]
	(No symbol) [0x00CC52EA]
	(No symbol) [0x00CC3BBA]
	(No symbol) [0x00CC1EFB]
	(No symbol) [0x00CC1027]
	(No symbol) [0x00CB8D05]
	(No symbol) [0x00CDAECC]
	(No symbol) [0x00CB8726]
	(No symbol) [0x00CDB224]
	(No symbol) [0x00CED57C]
	(No symbol) [0x00CDACC6]
	(No symbol) [0x00CB6F68]
	(No symbol) [0x00CB80CD]
	GetHandleVerifier [0x01063832+2506274]
	GetHandleVerifier [0x01099794+2727300]
	GetHandleVerifier [0x0109E36C+2746716]
	GetHandleVerifier [0x00E96690+617600]
	(No symbol) [0x00D8C712]
	(No symbol) [0x00D91FF8]
	(No symbol) [0x00D920DB]
	(No symbol) [0x00D9C63B]
	BaseThreadInitThunk [0x754B7D49+25]
	RtlInitializeExceptionChain [0x7739B74B+107]
	RtlClearBits [0x7739B6CF+191]
</msg>
<status status="FAIL" starttime="20230504 17:14:19.000" endtime="20230504 17:14:20.430"/>
</kw>
<kw name="Sleep" library="BuiltIn">
<arg>5s</arg>
<doc>Pauses the test executed for the given time.</doc>
<status status="NOT RUN" starttime="20230504 17:14:20.434" endtime="20230504 17:14:20.434"/>
</kw>
<kw name="Stop Recording Test" library="AutoRecorder">
<arg>G001 Prueba formulario</arg>
<doc>There is no need to execute this keyword manually.</doc>
<msg timestamp="20230504 17:14:20.516" level="INFO" html="true">&lt;a href="recording_2.webm"&gt;&lt;video width="800px" autoplay&gt;&lt;source src="recording_2.webm" type="video/webm"&gt;&lt;/video&gt;&lt;/a&gt;</msg>
<status status="PASS" starttime="20230504 17:14:20.440" endtime="20230504 17:14:20.516"/>
</kw>
<status status="FAIL" starttime="20230504 17:14:05.000" endtime="20230504 17:14:20.434">ElementClickInterceptedException: Message: element click intercepted: Element &lt;div class="header-wrapper" style="background: rgb(108, 117, 125);"&gt;...&lt;/div&gt; is not clickable at point (360, 390). Other element would receive the click: &lt;div class="col-12 mt-4 col-md-6"&gt;...&lt;/div&gt;
  (Session info: chrome=112.0.5615.138)
Stacktrace:
Backtrace:
	(No symbol) [0x00DEDCE3]
	(No symbol) [0x00D839D1]
	(No symbol) [0x00C94DA8]
	(No symbol) [0x00CC52EA]
	(No symbol) [0x00CC3BBA]
	(No symbol) [0x00CC1EFB]
	(No symbol) [0x00CC1027]
	(No symbol) [0x00CB8D05]
	(No symbol) [0x00CDAECC]
	(No symbol) [0x00CB8726]
	(No symbol) [0x00CDB224]
	(No symbol) [0x00CED57C]
	(No symbol) [0x00CDACC6]
	(No symbol) [0x00CB6F68]
	(No symbol) [0x00CB80CD]
	GetHandleVerifier [0x01063832+2506274]
	GetHandleVerifier [0x01099794+2727300]
	GetHandleVerifier [0x0109E36C+2746716]
	GetHandleVerifier [0x00E96690+617600]
	(No symbol) [0x00D8C712]
	(No symbol) [0x00D91FF8]
	(No symbol) [0x00D920DB]
	(No symbol) [0x00D9C63B]
	BaseThreadInitThunk [0x754B7D49+25]
	RtlInitializeExceptionChain [0x7739B74B+107]
	RtlClearBits [0x7739B6CF+191]
</status>
</test>
<status status="FAIL" starttime="20230504 17:14:03.523" endtime="20230504 17:14:20.533"/>
</suite>
<status status="FAIL" starttime="20230504 17:14:03.420" endtime="20230504 17:14:20.542"/>
</suite>
<statistics>
<total>
<stat pass="0" fail="1" skip="0">All Tests</stat>
</total>
<tag>
</tag>
<suite>
<stat pass="0" fail="1" skip="0" id="s1" name="ejercicioFinal">ejercicioFinal</stat>
<stat pass="0" fail="1" skip="0" id="s1-s1" name="Pruebas Pagina">ejercicioFinal.Pruebas Pagina</stat>
</suite>
</statistics>
<errors>
</errors>
</robot>
