<?xml version="1.0" encoding="UTF-8"?>
<robot generator="Robot 6.0.2 (Python 3.10.5 on win32)" generated="20230506 12:24:44.897" rpa="false" schemaversion="3">
<suite id="s1" name="CASO5 DRAGABBLE" source="C:\Users\Carlos\Music\PruebasDemo\Interactions\CASO5_DRAGABBLE.ROBOT">
<test id="s1-t1" name="Caso05 Draggable" line="16">
<kw name="Set Variable" library="BuiltIn">
<var>${ruta_carpeta}</var>
<arg>./Reportes/resizable/Caso05</arg>
<doc>Returns the given values which can then be assigned to a variables.</doc>
<msg timestamp="20230506 12:24:45.100" level="INFO">${ruta_carpeta} = ./Reportes/resizable/Caso05</msg>
<status status="PASS" starttime="20230506 12:24:45.100" endtime="20230506 12:24:45.100"/>
</kw>
<kw name="Run Keyword And Return Status" library="BuiltIn">
<var>${creada}</var>
<arg>Create Directory</arg>
<arg>${ruta_carpeta}</arg>
<doc>Runs the given keyword with given arguments and returns the status as a Boolean value.</doc>
<kw name="Create Directory" library="OperatingSystem">
<arg>${ruta_carpeta}</arg>
<doc>Creates the specified directory.</doc>
<msg timestamp="20230506 12:24:45.101" level="INFO" html="true">Directory '&lt;a href="file://C:\Users\Carlos\Music\PruebasDemo\Reportes\resizable\Caso05"&gt;C:\Users\Carlos\Music\PruebasDemo\Reportes\resizable\Caso05&lt;/a&gt;' already exists.</msg>
<status status="PASS" starttime="20230506 12:24:45.101" endtime="20230506 12:24:45.101"/>
</kw>
<msg timestamp="20230506 12:24:45.102" level="INFO">${creada} = True</msg>
<status status="PASS" starttime="20230506 12:24:45.101" endtime="20230506 12:24:45.102"/>
</kw>
<kw name="Open Browser" library="SeleniumLibrary">
<arg>${URL}</arg>
<arg>${Navegador}</arg>
<doc>Opens a new browser instance to the optional ``url``.</doc>
<msg timestamp="20230506 12:24:45.102" level="INFO">Opening browser 'chrome' to base url 'https://demoqa.com/login'.</msg>
<status status="PASS" starttime="20230506 12:24:45.102" endtime="20230506 12:24:55.589"/>
</kw>
<kw name="Maximize Browser Window" library="SeleniumLibrary">
<doc>Maximizes current browser window.</doc>
<status status="PASS" starttime="20230506 12:24:55.590" endtime="20230506 12:24:55.720"/>
</kw>
<kw name="Execute Javascript" library="SeleniumLibrary">
<arg>window.scrollBy(0,1000)</arg>
<doc>Executes the given JavaScript code with possible arguments.</doc>
<msg timestamp="20230506 12:24:55.723" level="INFO">Executing JavaScript:
window.scrollBy(0,1000)
Without any arguments.</msg>
<status status="PASS" starttime="20230506 12:24:55.721" endtime="20230506 12:24:55.734"/>
</kw>
<kw name="Wait Until Element Is Visible" library="SeleniumLibrary">
<arg>xpath=//div[contains(text(),'Interactions')]</arg>
<doc>Waits until the element ``locator`` is visible.</doc>
<status status="PASS" starttime="20230506 12:24:55.737" endtime="20230506 12:24:55.768"/>
</kw>
<kw name="Take Screenshot" library="Screenshot">
<arg>${ruta_carpeta}/Caso5</arg>
<doc>Takes a screenshot in JPEG format and embeds it into the log file.</doc>
<msg timestamp="20230506 12:24:55.844" level="INFO" html="true">&lt;a href="Reportes/resizable/Caso05/Caso5_21.jpg"&gt;&lt;img src="Reportes/resizable/Caso05/Caso5_21.jpg" width="800px"&gt;&lt;/a&gt;</msg>
<status status="PASS" starttime="20230506 12:24:55.768" endtime="20230506 12:24:55.844"/>
</kw>
<kw name="Click Element" library="SeleniumLibrary">
<arg>xpath=//div[contains(text(),'Interactions')]</arg>
<doc>Click the element identified by ``locator``.</doc>
<msg timestamp="20230506 12:24:55.845" level="INFO">Clicking element 'xpath=//div[contains(text(),'Interactions')]'.</msg>
<status status="PASS" starttime="20230506 12:24:55.845" endtime="20230506 12:24:55.896"/>
</kw>
<kw name="Wait Until Element Is Visible" library="SeleniumLibrary">
<arg>xpath=//span[text() = 'Dragabble']</arg>
<doc>Waits until the element ``locator`` is visible.</doc>
<status status="PASS" starttime="20230506 12:24:55.897" endtime="20230506 12:24:55.926"/>
</kw>
<kw name="Click Element" library="SeleniumLibrary">
<arg>xpath=//span[text() = 'Dragabble']</arg>
<doc>Click the element identified by ``locator``.</doc>
<msg timestamp="20230506 12:24:55.927" level="INFO">Clicking element 'xpath=//span[text() = 'Dragabble']'.</msg>
<msg timestamp="20230506 12:24:57.198" level="INFO" html="true">&lt;/td&gt;&lt;/tr&gt;&lt;tr&gt;&lt;td colspan="3"&gt;&lt;a href="selenium-screenshot-39.png"&gt;&lt;img src="selenium-screenshot-39.png" width="800px"&gt;&lt;/a&gt;</msg>
<msg timestamp="20230506 12:24:57.198" level="FAIL">ElementClickInterceptedException: Message: element click intercepted: Element &lt;span class="text"&gt;...&lt;/span&gt; is not clickable at point (126, 827). Other element would receive the click: &lt;div id="fixedban" style="width:100%;margin:auto;text-align:center;float:none;overflow:hidden;display:scroll;position:fixed;bottom:0;z-index:9999999"&gt;...&lt;/div&gt;
  (Session info: chrome=113.0.5672.64)
Stacktrace:
Backtrace:
	GetHandleVerifier [0x007B8893+48451]
	(No symbol) [0x0074B8A1]
	(No symbol) [0x00655058]
	(No symbol) [0x00684BA4]
	(No symbol) [0x006836E8]
	(No symbol) [0x00681EEB]
	(No symbol) [0x006812FE]
	(No symbol) [0x00679AAC]
	(No symbol) [0x0069A2BC]
	(No symbol) [0x00679586]
	(No symbol) [0x0069A614]
	(No symbol) [0x006AC482]
	(No symbol) [0x0069A0B6]
	(No symbol) [0x00677E08]
	(No symbol) [0x00678F2D]
	GetHandleVerifier [0x00A18E3A+2540266]
	GetHandleVerifier [0x00A58959+2801161]
	GetHandleVerifier [0x00A5295C+2776588]
	GetHandleVerifier [0x00842280+612144]
	(No symbol) [0x00754F6C]
	(No symbol) [0x007511D8]
	(No symbol) [0x007512BB]
	(No symbol) [0x00744857]
	BaseThreadInitThunk [0x754A7D49+25]
	RtlInitializeExceptionChain [0x770DB74B+107]
	RtlClearBits [0x770DB6CF+191]
</msg>
<status status="FAIL" starttime="20230506 12:24:55.927" endtime="20230506 12:24:57.200"/>
</kw>
<kw name="Take Screenshot" library="Screenshot">
<arg>${ruta_carpeta}/Caso5.55</arg>
<doc>Takes a screenshot in JPEG format and embeds it into the log file.</doc>
<status status="NOT RUN" starttime="20230506 12:24:57.200" endtime="20230506 12:24:57.200"/>
</kw>
<kw name="Sleep" library="BuiltIn">
<arg>1s</arg>
<doc>Pauses the test executed for the given time.</doc>
<status status="NOT RUN" starttime="20230506 12:24:57.201" endtime="20230506 12:24:57.201"/>
</kw>
<kw name="Execute Javascript" library="SeleniumLibrary">
<arg>document.getElementById("dragBox").style.bottom = "50px";</arg>
<doc>Executes the given JavaScript code with possible arguments.</doc>
<status status="NOT RUN" starttime="20230506 12:24:57.201" endtime="20230506 12:24:57.201"/>
</kw>
<kw name="Execute Javascript" library="SeleniumLibrary">
<arg>document.getElementById("dragBox").style.left = "50px";</arg>
<doc>Executes the given JavaScript code with possible arguments.</doc>
<status status="NOT RUN" starttime="20230506 12:24:57.201" endtime="20230506 12:24:57.201"/>
</kw>
<kw name="Sleep" library="BuiltIn">
<arg>5s</arg>
<doc>Pauses the test executed for the given time.</doc>
<status status="NOT RUN" starttime="20230506 12:24:57.201" endtime="20230506 12:24:57.201"/>
</kw>
<kw name="Click Element" library="SeleniumLibrary">
<arg>//*[@id="dragBox"]</arg>
<doc>Click the element identified by ``locator``.</doc>
<status status="NOT RUN" starttime="20230506 12:24:57.201" endtime="20230506 12:24:57.201"/>
</kw>
<kw name="Drag And Drop By Offset" library="SeleniumLibrary">
<arg>//*[@id="dragBox"]</arg>
<arg>350</arg>
<arg>50</arg>
<doc>Drags the element identified with ``locator`` by ``xoffset/yoffset``.</doc>
<status status="NOT RUN" starttime="20230506 12:24:57.203" endtime="20230506 12:24:57.203"/>
</kw>
<kw name="Sleep" library="BuiltIn">
<arg>1s</arg>
<doc>Pauses the test executed for the given time.</doc>
<status status="NOT RUN" starttime="20230506 12:24:57.203" endtime="20230506 12:24:57.203"/>
</kw>
<kw name="Drag And Drop By Offset" library="SeleniumLibrary">
<arg>//*[@id="dragBox"]</arg>
<arg>-350</arg>
<arg>50</arg>
<doc>Drags the element identified with ``locator`` by ``xoffset/yoffset``.</doc>
<status status="NOT RUN" starttime="20230506 12:24:57.203" endtime="20230506 12:24:57.203"/>
</kw>
<kw name="Sleep" library="BuiltIn">
<arg>1s</arg>
<doc>Pauses the test executed for the given time.</doc>
<status status="NOT RUN" starttime="20230506 12:24:57.203" endtime="20230506 12:24:57.203"/>
</kw>
<kw name="Drag And Drop By Offset" library="SeleniumLibrary">
<arg>//*[@id="dragBox"]</arg>
<arg>40</arg>
<arg>500</arg>
<doc>Drags the element identified with ``locator`` by ``xoffset/yoffset``.</doc>
<status status="NOT RUN" starttime="20230506 12:24:57.203" endtime="20230506 12:24:57.203"/>
</kw>
<kw name="Sleep" library="BuiltIn">
<arg>3s</arg>
<doc>Pauses the test executed for the given time.</doc>
<status status="NOT RUN" starttime="20230506 12:24:57.204" endtime="20230506 12:24:57.204"/>
</kw>
<kw name="Take Screenshot" library="Screenshot">
<arg>${ruta_carpeta}/Caso5.555</arg>
<doc>Takes a screenshot in JPEG format and embeds it into the log file.</doc>
<status status="NOT RUN" starttime="20230506 12:24:57.204" endtime="20230506 12:24:57.204"/>
</kw>
<kw name="Click Element" library="SeleniumLibrary">
<arg>//*[@id="draggableExample-tab-axisRestriction"]</arg>
<doc>Click the element identified by ``locator``.</doc>
<status status="NOT RUN" starttime="20230506 12:24:57.204" endtime="20230506 12:24:57.204"/>
</kw>
<kw name="Sleep" library="BuiltIn">
<arg>1s</arg>
<doc>Pauses the test executed for the given time.</doc>
<status status="NOT RUN" starttime="20230506 12:24:57.204" endtime="20230506 12:24:57.204"/>
</kw>
<kw name="Drag And Drop By Offset" library="SeleniumLibrary">
<arg>//*[@id="notAcceptable"]</arg>
<arg>350</arg>
<arg>20</arg>
<doc>Drags the element identified with ``locator`` by ``xoffset/yoffset``.</doc>
<status status="NOT RUN" starttime="20230506 12:24:57.204" endtime="20230506 12:24:57.204"/>
</kw>
<kw name="Sleep" library="BuiltIn">
<arg>1s</arg>
<doc>Pauses the test executed for the given time.</doc>
<status status="NOT RUN" starttime="20230506 12:24:57.204" endtime="20230506 12:24:57.204"/>
</kw>
<kw name="Drag And Drop By Offset" library="SeleniumLibrary">
<arg>//*[@id="acceptable"]</arg>
<arg>350</arg>
<arg>50</arg>
<doc>Drags the element identified with ``locator`` by ``xoffset/yoffset``.</doc>
<status status="NOT RUN" starttime="20230506 12:24:57.204" endtime="20230506 12:24:57.205"/>
</kw>
<kw name="Sleep" library="BuiltIn">
<arg>3s</arg>
<doc>Pauses the test executed for the given time.</doc>
<status status="NOT RUN" starttime="20230506 12:24:57.205" endtime="20230506 12:24:57.205"/>
</kw>
<kw name="Take Screenshot" library="Screenshot">
<arg>${ruta_carpeta}/Caso5.5555</arg>
<doc>Takes a screenshot in JPEG format and embeds it into the log file.</doc>
<status status="NOT RUN" starttime="20230506 12:24:57.205" endtime="20230506 12:24:57.205"/>
</kw>
<kw name="Click Element" library="SeleniumLibrary">
<arg>//*[@id="draggableExample-tab-containerRestriction"]</arg>
<doc>Click the element identified by ``locator``.</doc>
<status status="NOT RUN" starttime="20230506 12:24:57.205" endtime="20230506 12:24:57.205"/>
</kw>
<kw name="Sleep" library="BuiltIn">
<arg>1s</arg>
<doc>Pauses the test executed for the given time.</doc>
<status status="NOT RUN" starttime="20230506 12:24:57.205" endtime="20230506 12:24:57.205"/>
</kw>
<kw name="Drag And Drop By Offset" library="SeleniumLibrary">
<arg>//*[@id="dragBox"]</arg>
<arg>350</arg>
<arg>10</arg>
<doc>Drags the element identified with ``locator`` by ``xoffset/yoffset``.</doc>
<status status="NOT RUN" starttime="20230506 12:24:57.206" endtime="20230506 12:24:57.206"/>
</kw>
<kw name="Sleep" library="BuiltIn">
<arg>1s</arg>
<doc>Pauses the test executed for the given time.</doc>
<status status="NOT RUN" starttime="20230506 12:24:57.206" endtime="20230506 12:24:57.206"/>
</kw>
<kw name="Drag And Drop By Offset" library="SeleniumLibrary">
<arg>//*[@id="dragBox"]</arg>
<arg>0</arg>
<arg>50</arg>
<doc>Drags the element identified with ``locator`` by ``xoffset/yoffset``.</doc>
<status status="NOT RUN" starttime="20230506 12:24:57.206" endtime="20230506 12:24:57.206"/>
</kw>
<kw name="Sleep" library="BuiltIn">
<arg>1s</arg>
<doc>Pauses the test executed for the given time.</doc>
<status status="NOT RUN" starttime="20230506 12:24:57.206" endtime="20230506 12:24:57.206"/>
</kw>
<kw name="Drag And Drop By Offset" library="SeleniumLibrary">
<arg>//*[@id="dragBox"]</arg>
<arg>0</arg>
<arg>220</arg>
<doc>Drags the element identified with ``locator`` by ``xoffset/yoffset``.</doc>
<status status="NOT RUN" starttime="20230506 12:24:57.206" endtime="20230506 12:24:57.206"/>
</kw>
<kw name="Sleep" library="BuiltIn">
<arg>1s</arg>
<doc>Pauses the test executed for the given time.</doc>
<status status="NOT RUN" starttime="20230506 12:24:57.206" endtime="20230506 12:24:57.206"/>
</kw>
<kw name="Drag And Drop By Offset" library="SeleniumLibrary">
<arg>//*[@id="dragBox"]</arg>
<arg>0</arg>
<arg>80</arg>
<doc>Drags the element identified with ``locator`` by ``xoffset/yoffset``.</doc>
<status status="NOT RUN" starttime="20230506 12:24:57.208" endtime="20230506 12:24:57.208"/>
</kw>
<kw name="Sleep" library="BuiltIn">
<arg>1s</arg>
<doc>Pauses the test executed for the given time.</doc>
<status status="NOT RUN" starttime="20230506 12:24:57.208" endtime="20230506 12:24:57.208"/>
</kw>
<kw name="Take Screenshot" library="Screenshot">
<arg>${ruta_carpeta}/Caso5.55555</arg>
<doc>Takes a screenshot in JPEG format and embeds it into the log file.</doc>
<status status="NOT RUN" starttime="20230506 12:24:57.208" endtime="20230506 12:24:57.208"/>
</kw>
<kw name="Click Element" library="SeleniumLibrary">
<arg>//*[@id="draggableExample-tab-cursorStyle"]</arg>
<doc>Click the element identified by ``locator``.</doc>
<status status="NOT RUN" starttime="20230506 12:24:57.208" endtime="20230506 12:24:57.208"/>
</kw>
<kw name="Sleep" library="BuiltIn">
<arg>1s</arg>
<doc>Pauses the test executed for the given time.</doc>
<status status="NOT RUN" starttime="20230506 12:24:57.208" endtime="20230506 12:24:57.208"/>
</kw>
<kw name="Drag And Drop By Offset" library="SeleniumLibrary">
<arg>//*[@id="revertable"]</arg>
<arg>350</arg>
<arg>20</arg>
<doc>Drags the element identified with ``locator`` by ``xoffset/yoffset``.</doc>
<status status="NOT RUN" starttime="20230506 12:24:57.208" endtime="20230506 12:24:57.209"/>
</kw>
<kw name="Sleep" library="BuiltIn">
<arg>1s</arg>
<doc>Pauses the test executed for the given time.</doc>
<status status="NOT RUN" starttime="20230506 12:24:57.209" endtime="20230506 12:24:57.209"/>
</kw>
<kw name="Drag And Drop By Offset" library="SeleniumLibrary">
<arg>//*[@id="notRevertable"]</arg>
<arg>350</arg>
<arg>20</arg>
<doc>Drags the element identified with ``locator`` by ``xoffset/yoffset``.</doc>
<status status="NOT RUN" starttime="20230506 12:24:57.209" endtime="20230506 12:24:57.209"/>
</kw>
<kw name="Sleep" library="BuiltIn">
<arg>3s</arg>
<doc>Pauses the test executed for the given time.</doc>
<status status="NOT RUN" starttime="20230506 12:24:57.209" endtime="20230506 12:24:57.209"/>
</kw>
<kw name="Take Screenshot" library="Screenshot">
<arg>${ruta_carpeta}/Caso5.555555</arg>
<doc>Takes a screenshot in JPEG format and embeds it into the log file.</doc>
<status status="NOT RUN" starttime="20230506 12:24:57.209" endtime="20230506 12:24:57.209"/>
</kw>
<kw name="Close Browser" library="SeleniumLibrary">
<doc>Closes the current browser.</doc>
<status status="NOT RUN" starttime="20230506 12:24:57.209" endtime="20230506 12:24:57.209"/>
</kw>
<status status="FAIL" starttime="20230506 12:24:45.100" endtime="20230506 12:24:57.210">ElementClickInterceptedException: Message: element click intercepted: Element &lt;span class="text"&gt;...&lt;/span&gt; is not clickable at point (126, 827). Other element would receive the click: &lt;div id="fixedban" style="width:100%;margin:auto;text-align:center;float:none;overflow:hidden;display:scroll;position:fixed;bottom:0;z-index:9999999"&gt;...&lt;/div&gt;
  (Session info: chrome=113.0.5672.64)
Stacktrace:
Backtrace:
	GetHandleVerifier [0x007B8893+48451]
	(No symbol) [0x0074B8A1]
	(No symbol) [0x00655058]
	(No symbol) [0x00684BA4]
	(No symbol) [0x006836E8]
	(No symbol) [0x00681EEB]
	(No symbol) [0x006812FE]
	(No symbol) [0x00679AAC]
	(No symbol) [0x0069A2BC]
	(No symbol) [0x00679586]
	(No symbol) [0x0069A614]
	(No symbol) [0x006AC482]
	(No symbol) [0x0069A0B6]
	(No symbol) [0x00677E08]
	(No symbol) [0x00678F2D]
	GetHandleVerifier [0x00A18E3A+2540266]
	GetHandleVerifier [0x00A58959+2801161]
	GetHandleVerifier [0x00A5295C+2776588]
	GetHandleVerifier [0x00842280+612144]
	(No symbol) [0x00754F6C]
	(No symbol) [0x007511D8]
	(No symbol) [0x007512BB]
	(No symbol) [0x00744857]
	BaseThreadInitThunk [0x754A7D49+25]
	RtlInitializeExceptionChain [0x770DB74B+107]
	RtlClearBits [0x770DB6CF+191]
</status>
</test>
<doc>Prueba automatizada para resizable
Esta es mi primera automatizacion</doc>
<status status="FAIL" starttime="20230506 12:24:44.898" endtime="20230506 12:24:57.213"/>
</suite>
<statistics>
<total>
<stat pass="0" fail="1" skip="0">All Tests</stat>
</total>
<tag>
</tag>
<suite>
<stat pass="0" fail="1" skip="0" id="s1" name="CASO5 DRAGABBLE">CASO5 DRAGABBLE</stat>
</suite>
</statistics>
<errors>
</errors>
</robot>
