<?xml version="1.0" encoding="UTF-8"?>
<robot generator="Robot 6.0.2 (Python 3.11.3 on win32)" generated="20230422 16:42:11.272" rpa="false" schemaversion="3">
<suite id="s1" name="CASO1 TEXT BOX" source="C:\Users\123\Desktop\Pruebas Universidad\PruebasDemo\Elements\CASO1_TEXT_BOX.ROBOT">
<test id="s1-t1" name="G001 Llenado y envío de Formulario" line="14">
<kw name="Open Browser" library="Selenium2Library">
<arg>${URL}</arg>
<arg>${Navegador}</arg>
<doc>Opens a new browser instance to the optional ``url``.</doc>
<msg timestamp="20230422 16:42:11.988" level="INFO">Opening browser 'chrome' to base url 'https://demoqa.com/interaction'.</msg>
<status status="PASS" starttime="20230422 16:42:11.986" endtime="20230422 16:42:20.870"/>
</kw>
<kw name="Maximize Browser Window" library="Selenium2Library">
<doc>Maximizes current browser window.</doc>
<status status="PASS" starttime="20230422 16:42:20.870" endtime="20230422 16:42:20.999"/>
</kw>
<kw name="Wait Until Element Is Visible" library="Selenium2Library">
<arg>xpath=//div[contains(text(),'Elements')]</arg>
<doc>Waits until the element ``locator`` is visible.</doc>
<status status="PASS" starttime="20230422 16:42:21.000" endtime="20230422 16:42:21.052"/>
</kw>
<kw name="Take Screenshot" library="Screenshot">
<doc>Takes a screenshot in JPEG format and embeds it into the log file.</doc>
<msg timestamp="20230422 16:42:21.054" level="WARN">Taking screenshot failed: Taking screenshots is not supported on this platform by default. See library documentation for details.
Make sure tests are run with a physical or virtual display.</msg>
<msg timestamp="20230422 16:42:21.056" level="INFO" html="true">&lt;a href="screenshot_1.jpg"&gt;&lt;img src="screenshot_1.jpg" width="800px"&gt;&lt;/a&gt;</msg>
<status status="PASS" starttime="20230422 16:42:21.052" endtime="20230422 16:42:21.057"/>
</kw>
<kw name="Click Element" library="Selenium2Library">
<arg>xpath=//div[contains(text(),'Elements')]</arg>
<doc>Click the element identified by ``locator``.</doc>
<msg timestamp="20230422 16:42:21.058" level="INFO">Clicking element 'xpath=//div[contains(text(),'Elements')]'.</msg>
<status status="PASS" starttime="20230422 16:42:21.057" endtime="20230422 16:42:21.152"/>
</kw>
<kw name="Click Element" library="Selenium2Library">
<arg>xpath=//span[text() = 'Text Box']</arg>
<doc>Click the element identified by ``locator``.</doc>
<msg timestamp="20230422 16:42:21.154" level="INFO">Clicking element 'xpath=//span[text() = 'Text Box']'.</msg>
<status status="PASS" starttime="20230422 16:42:21.153" endtime="20230422 16:42:21.389"/>
</kw>
<kw name="Take Screenshot" library="Screenshot">
<doc>Takes a screenshot in JPEG format and embeds it into the log file.</doc>
<msg timestamp="20230422 16:42:21.393" level="WARN">Taking screenshot failed: Taking screenshots is not supported on this platform by default. See library documentation for details.
Make sure tests are run with a physical or virtual display.</msg>
<msg timestamp="20230422 16:42:21.396" level="INFO" html="true">&lt;a href="screenshot_1.jpg"&gt;&lt;img src="screenshot_1.jpg" width="800px"&gt;&lt;/a&gt;</msg>
<status status="PASS" starttime="20230422 16:42:21.391" endtime="20230422 16:42:21.396"/>
</kw>
<kw name="Input Text" library="Selenium2Library">
<arg>id=userName</arg>
<arg>Nombre Prueba</arg>
<doc>Types the given ``text`` into the text field identified by ``locator``.</doc>
<msg timestamp="20230422 16:42:21.398" level="INFO">Typing text 'Nombre Prueba' into text field 'id=userName'.</msg>
<status status="PASS" starttime="20230422 16:42:21.397" endtime="20230422 16:42:21.631"/>
</kw>
<kw name="Input Text" library="Selenium2Library">
<arg>id=userEmail</arg>
<arg>email@Prueba.com</arg>
<doc>Types the given ``text`` into the text field identified by ``locator``.</doc>
<msg timestamp="20230422 16:42:21.634" level="INFO">Typing text 'email@Prueba.com' into text field 'id=userEmail'.</msg>
<status status="PASS" starttime="20230422 16:42:21.632" endtime="20230422 16:42:21.825"/>
</kw>
<kw name="Input Text" library="Selenium2Library">
<arg>id=currentAddress</arg>
<arg>Politécnico Jaime Isaza Cadavid</arg>
<doc>Types the given ``text`` into the text field identified by ``locator``.</doc>
<msg timestamp="20230422 16:42:21.826" level="INFO">Typing text 'Politécnico Jaime Isaza Cadavid' into text field 'id=currentAddress'.</msg>
<status status="PASS" starttime="20230422 16:42:21.825" endtime="20230422 16:42:22.089"/>
</kw>
<kw name="Input Text" library="Selenium2Library">
<arg>id=permanentAddress</arg>
<arg>Antioquia</arg>
<doc>Types the given ``text`` into the text field identified by ``locator``.</doc>
<msg timestamp="20230422 16:42:22.092" level="INFO">Typing text 'Antioquia' into text field 'id=permanentAddress'.</msg>
<status status="PASS" starttime="20230422 16:42:22.090" endtime="20230422 16:42:22.289"/>
</kw>
<kw name="Execute Javascript" library="Selenium2Library">
<arg>window.scrollBy(0,200)</arg>
<doc>Executes the given JavaScript code with possible arguments.</doc>
<msg timestamp="20230422 16:42:22.292" level="INFO">Executing JavaScript:
window.scrollBy(0,200)
Without any arguments.</msg>
<status status="PASS" starttime="20230422 16:42:22.290" endtime="20230422 16:42:22.312"/>
</kw>
<kw name="Take Screenshot" library="Screenshot">
<doc>Takes a screenshot in JPEG format and embeds it into the log file.</doc>
<msg timestamp="20230422 16:42:22.315" level="WARN">Taking screenshot failed: Taking screenshots is not supported on this platform by default. See library documentation for details.
Make sure tests are run with a physical or virtual display.</msg>
<msg timestamp="20230422 16:42:22.318" level="INFO" html="true">&lt;a href="screenshot_1.jpg"&gt;&lt;img src="screenshot_1.jpg" width="800px"&gt;&lt;/a&gt;</msg>
<status status="PASS" starttime="20230422 16:42:22.313" endtime="20230422 16:42:22.318"/>
</kw>
<kw name="Page Should Contain" library="Selenium2Library">
<arg>Elements</arg>
<doc>Verifies that current page contains ``text``.</doc>
<msg timestamp="20230422 16:42:22.353" level="INFO">Current page contains text 'Elements'.</msg>
<status status="PASS" starttime="20230422 16:42:22.320" endtime="20230422 16:42:22.353"/>
</kw>
<kw name="Sleep" library="BuiltIn">
<arg>10s</arg>
<doc>Pauses the test executed for the given time.</doc>
<msg timestamp="20230422 16:42:32.354" level="INFO">Slept 10 seconds</msg>
<status status="PASS" starttime="20230422 16:42:22.354" endtime="20230422 16:42:32.354"/>
</kw>
<status status="PASS" starttime="20230422 16:42:11.984" endtime="20230422 16:42:32.355"/>
</test>
<doc>Existe en un documento de texto los pasos manuales
Esta es mi primera automatizacion</doc>
<status status="PASS" starttime="20230422 16:42:11.276" endtime="20230422 16:42:32.357"/>
</suite>
<statistics>
<total>
<stat pass="1" fail="0" skip="0">All Tests</stat>
</total>
<tag>
</tag>
<suite>
<stat pass="1" fail="0" skip="0" id="s1" name="CASO1 TEXT BOX">CASO1 TEXT BOX</stat>
</suite>
</statistics>
<errors>
<msg timestamp="20230422 16:42:21.054" level="WARN">Taking screenshot failed: Taking screenshots is not supported on this platform by default. See library documentation for details.
Make sure tests are run with a physical or virtual display.</msg>
<msg timestamp="20230422 16:42:21.393" level="WARN">Taking screenshot failed: Taking screenshots is not supported on this platform by default. See library documentation for details.
Make sure tests are run with a physical or virtual display.</msg>
<msg timestamp="20230422 16:42:22.315" level="WARN">Taking screenshot failed: Taking screenshots is not supported on this platform by default. See library documentation for details.
Make sure tests are run with a physical or virtual display.</msg>
</errors>
</robot>
